<?xml version="1.0" encoding="UTF-8"?>
<!-- Generated by org.testng.reporters.JUnitReportReporter -->
<testsuite hostname="Gowtham" failures="0" tests="1" name="tests.Smoke" time="42.092" errors="0" timestamp="07 Sep 2023 08:26:15 GMT" skipped="0">
  <testcase classname="tests.Smoke" name="test_001" time="42.092"/>
</testsuite> <!-- tests.Smoke -->
