<?xml version="1.0" encoding="UTF-8"?>
<!-- Generated by org.testng.reporters.JUnitReportReporter -->
<testsuite hostname="Gowtham" failures="0" tests="1" name="com.tests.sampleTest" time="19.042" errors="0" timestamp="2023-09-09T23:02:47 IST" skipped="0">
  <testcase classname="com.tests.sampleTest" name="ticket_01" time="19.042"/>
</testsuite> <!-- com.tests.sampleTest -->
