<?xml version="1.0" encoding="UTF-8"?>
<!-- Generated by org.testng.reporters.JUnitReportReporter -->
<testsuite hostname="Gowtham" failures="0" tests="2" name="com.tests.sampleTest" time="36.240" errors="0" timestamp="2023-09-11T19:19:25 IST" skipped="0">
  <testcase classname="com.tests.sampleTest" name="TC_01" time="21.509"/>
  <testcase classname="com.tests.sampleTest" name="TC_02" time="14.731"/>
</testsuite> <!-- com.tests.sampleTest -->
