<?xml version="1.0" encoding="UTF-8"?>
<!-- Generated by org.testng.reporters.JUnitReportReporter -->
<testsuite hostname="Gowtham" failures="0" tests="1" name="com.tests.sampleTest" time="23.259" errors="0" timestamp="2023-09-08T12:55:27 IST" skipped="0">
  <testcase classname="com.tests.sampleTest" name="test_0001" time="23.259"/>
</testsuite> <!-- com.tests.sampleTest -->
