<?xml version="1.0" encoding="UTF-8"?>
<!-- Generated by org.testng.reporters.JUnitReportReporter -->
<testsuite hostname="Gowtham" failures="0" tests="1" name="com.tests.sampleTest" time="19.540" errors="0" timestamp="07 Sep 2023 09:17:12 GMT" skipped="0">
  <testcase classname="com.tests.sampleTest" name="test_0001" time="19.540"/>
</testsuite> <!-- com.tests.sampleTest -->
