<?xml version="1.0" encoding="UTF-8"?>
<!-- Generated by org.testng.reporters.JUnitReportReporter -->
<testsuite hostname="Gowtham" failures="0" tests="1" name="com.tests.sampleTest" time="33.798" errors="0" timestamp="2023-09-10T21:00:47 IST" skipped="0">
  <testcase classname="com.tests.sampleTest" name="TC_01" time="33.798"/>
</testsuite> <!-- com.tests.sampleTest -->
